<?xml version="1.0" encoding="UTF-8"?>
<!-- Generated by org.testng.reporters.JUnitReportReporter -->
<testsuite hostname="EPMXGUAW0837" failures="0" tests="1" name="com.efraim.restassured.tests.DELETE_Post_Test" time="1.902" errors="0" timestamp="2022-08-09T15:07:18 CDT" skipped="0">
  <testcase classname="com.efraim.restassured.tests.DELETE_Post_Test" name="DeletePostReturns200" time="1.902"/>
  <system-out/>
</testsuite> <!-- com.efraim.restassured.tests.DELETE_Post_Test -->
