<?xml version="1.0" encoding="UTF-8"?>
<!-- Generated by org.testng.reporters.JUnitReportReporter -->
<testsuite hostname="EPMXGUAW0837" failures="0" tests="2" name="com.efraim.restassured.tests.GET_Post_Test" time="3.902" errors="0" timestamp="2022-08-08T17:28:56 CDT" skipped="0">
  <testcase classname="com.efraim.restassured.tests.GET_Post_Test" name="getAllPosts_containsData" time="0.847"/>
  <system-out/>
  <testcase classname="com.efraim.restassured.tests.GET_Post_Test" name="getAllPostsIs200" time="3.055"/>
  <system-out/>
</testsuite> <!-- com.efraim.restassured.tests.GET_Post_Test -->
