<?xml version="1.0" encoding="UTF-8"?>
<!-- Generated by org.testng.reporters.JUnitReportReporter -->
<testsuite hostname="EPMXGUAW0837" failures="0" tests="1" name="com.efraim.restassured.tests.PUT_Post_Test" time="1.893" errors="0" timestamp="2022-08-09T15:22:56 CDT" skipped="0">
  <testcase classname="com.efraim.restassured.tests.PUT_Post_Test" name="RequestForNewPost" time="1.893"/>
  <system-out/>
</testsuite> <!-- com.efraim.restassured.tests.PUT_Post_Test -->
