<?xml version="1.0" encoding="UTF-8"?>
<!-- Generated by org.testng.reporters.JUnitReportReporter -->
<testsuite hostname="EPMXGUAW0837" failures="0" tests="1" name="com.efraim.restassured.tests.POST_Post_Test" time="2.318" errors="0" timestamp="2022-08-09T13:17:00 CDT" skipped="0">
  <testcase classname="com.efraim.restassured.tests.POST_Post_Test" name="RequestForNewPost" time="2.318"/>
  <system-out/>
</testsuite> <!-- com.efraim.restassured.tests.POST_Post_Test -->
